<?xml version="1.0" encoding="UTF-8"?>
<!-- Generated by org.testng.reporters.JUnitReportReporter -->
<testsuite hostname="JishaIbrahim" failures="0" tests="4" name="demo.TestNGGroupsDemo" time="0.004" errors="0" timestamp="2024-09-19T18:55:03 IST" skipped="0">
  <testcase classname="demo.TestNGGroupsDemo" name="test3" time="0.001"/>
  <testcase classname="demo.TestNGGroupsDemo" name="test2" time="0.001"/>
  <testcase classname="demo.TestNGGroupsDemo" name="test4" time="0.001"/>
  <testcase classname="demo.TestNGGroupsDemo" name="test1" time="0.001"/>
</testsuite> <!-- demo.TestNGGroupsDemo -->
