<?xml version="1.0" encoding="UTF-8"?>
<!-- Generated by org.testng.reporters.JUnitReportReporter -->
<testsuite hostname="JishaIbrahim" failures="0" tests="1" name="test.Test1_GoogleSearch_TestNG" time="17.229" errors="0" timestamp="2024-09-15T18:00:29 IST" skipped="0">
  <testcase classname="test.Test1_GoogleSearch_TestNG" name="googlesearch" time="17.229"/>
</testsuite> <!-- test.Test1_GoogleSearch_TestNG -->
