<?xml version="1.0" encoding="UTF-8"?>
<!-- Generated by org.testng.reporters.JUnitReportReporter -->
<testsuite hostname="JishaIbrahim" failures="0" tests="3" name="demo.TestNGPriorityDemo" time="0.013" errors="0" timestamp="2024-09-17T19:09:21 IST" skipped="0">
  <testcase classname="demo.TestNGPriorityDemo" name="test3" time="0.009"/>
  <testcase classname="demo.TestNGPriorityDemo" name="test1" time="0.002"/>
  <testcase classname="demo.TestNGPriorityDemo" name="test2" time="0.002"/>
</testsuite> <!-- demo.TestNGPriorityDemo -->
