<?xml version="1.0" encoding="UTF-8"?>
<!-- Generated by org.testng.reporters.JUnitReportReporter -->
<testsuite hostname="JishaIbrahim" failures="0" tests="2" name="utils.ExcelDataProvider" time="6.862" errors="0" timestamp="2024-09-15T17:35:31 IST" skipped="0">
  <testcase classname="utils.ExcelDataProvider" name="test1" time="4.268"/>
  <testcase classname="utils.ExcelDataProvider" name="test1" time="2.594"/>
</testsuite> <!-- utils.ExcelDataProvider -->
