<?xml version="1.0" encoding="UTF-8"?>
<!-- Generated by org.testng.reporters.JUnitReportReporter -->
<testsuite hostname="JishaIbrahim" failures="0" tests="4" name="demo.TestNGDependencyDemp" time="0.013" errors="0" timestamp="2024-09-19T19:00:59 IST" skipped="0">
  <testcase classname="demo.TestNGDependencyDemp" name="test4" time="0.002"/>
  <testcase classname="demo.TestNGDependencyDemp" name="test1" time="0.001"/>
  <testcase classname="demo.TestNGDependencyDemp" name="test3" time="0.001"/>
  <testcase classname="demo.TestNGDependencyDemp" name="test2" time="0.009"/>
</testsuite> <!-- demo.TestNGDependencyDemp -->
