<?xml version="1.0" encoding="UTF-8"?>
<!-- Generated by org.testng.reporters.JUnitReportReporter -->
<testsuite hostname="JishaIbrahim" failures="0" tests="1" name="test.Test1_GoogleSearch_TestNG2" time="2.641" errors="0" timestamp="2024-09-13T22:39:34 IST" skipped="0">
  <testcase classname="test.Test1_GoogleSearch_TestNG2" name="googlesearch2" time="2.641"/>
</testsuite> <!-- test.Test1_GoogleSearch_TestNG2 -->
