<?xml version="1.0" encoding="UTF-8"?>
<!-- Generated by org.testng.reporters.JUnitReportReporter -->
<testsuite hostname="JishaIbrahim" failures="0" tests="3" name="demo.TestNGIgnoreDemo" time="0.013" errors="0" timestamp="2024-09-19T19:11:30 IST" skipped="0">
  <testcase classname="demo.TestNGIgnoreDemo" name="test3" time="0.001"/>
  <testcase classname="demo.TestNGIgnoreDemo" name="test2" time="0.001"/>
  <testcase classname="demo.TestNGIgnoreDemo" name="test1" time="0.011"/>
</testsuite> <!-- demo.TestNGIgnoreDemo -->
